<?xml version="1.0" encoding="UTF-8"?>
<!-- Generated by org.testng.reporters.JUnitReportReporter -->
<testsuite hostname="DESKTOP-2KPVANE" failures="0" tests="1" name="tek.api.sqa.tests.CreateAccountTest" time="5.485" errors="0" timestamp="2023-05-30T17:28:11 PDT" skipped="0">
  <testcase classname="tek.api.sqa.tests.CreateAccountTest" name="createAccountValidTest" time="5.485"/>
  <system-out/>
</testsuite> <!-- tek.api.sqa.tests.CreateAccountTest -->
