<?xml version="1.0" encoding="UTF-8"?>
<!-- Generated by org.testng.reporters.JUnitReportReporter -->
<testsuite hostname="DESKTOP-2KPVANE" failures="0" tests="3" name="tek.api.sqa.tests.SecurityTest" time="1.701" errors="0" timestamp="2023-05-29T20:57:09 PDT" skipped="0">
  <testcase classname="tek.api.sqa.tests.SecurityTest" name="testGenerateTokenWihtInValidUsername" time="0.670"/>
  <system-out/>
  <testcase classname="tek.api.sqa.tests.SecurityTest" name="testGenerateTokenWihtInValidUsername" time="0.436"/>
  <system-out/>
  <testcase classname="tek.api.sqa.tests.SecurityTest" name="testGenerateTokenValidUsername" time="0.595"/>
  <system-out/>
</testsuite> <!-- tek.api.sqa.tests.SecurityTest -->
