<?xml version="1.0" encoding="UTF-8"?>
<!-- Generated by org.testng.reporters.JUnitReportReporter -->
<testsuite hostname="DESKTOP-2KPVANE" failures="0" tests="3" name="tek.api.sqa.tests.SecurityTest" time="5.978" errors="0" timestamp="2023-05-30T18:28:39 PDT" skipped="0">
  <testcase classname="tek.api.sqa.tests.SecurityTest" name="testGenerateTokenWihtInValidUsername" time="0.679"/>
  <system-out/>
  <testcase classname="tek.api.sqa.tests.SecurityTest" name="testGenerateTokenValidUsername" time="4.732"/>
  <system-out/>
  <testcase classname="tek.api.sqa.tests.SecurityTest" name="testGenerateTokenWihtInValidUsername" time="0.567"/>
  <system-out/>
</testsuite> <!-- tek.api.sqa.tests.SecurityTest -->
