<?xml version="1.0" encoding="UTF-8"?>
<!-- Generated by org.testng.reporters.JUnitReportReporter -->
<testsuite hostname="DESKTOP-2KPVANE" failures="0" tests="1" name="tek.api.sqa.tests.GetAllAccountTest" time="9.139" errors="0" timestamp="2023-05-29T20:57:09 PDT" skipped="0">
  <testcase classname="tek.api.sqa.tests.GetAllAccountTest" name="getAllAccountTest" time="9.139"/>
  <system-out/>
</testsuite> <!-- tek.api.sqa.tests.GetAllAccountTest -->
