<?xml version="1.0" encoding="UTF-8"?>
<!-- Generated by org.testng.reporters.JUnitReportReporter -->
<testsuite hostname="DESKTOP-2KPVANE" failures="0" tests="1" name="tek.api.sqa.tests.GetAccoutTest" time="1.548" errors="0" timestamp="2023-05-30T18:27:17 PDT" skipped="0">
  <testcase classname="tek.api.sqa.tests.GetAccoutTest" name="getAccountWithExsitingId" time="1.548"/>
  <system-out/>
</testsuite> <!-- tek.api.sqa.tests.GetAccoutTest -->
